[23:56:10] [main/INFO] (FabricLoader/GameProvider) Loading Minecraft 1.20.3 with Fabric Loader 0.15.1
[23:56:11] [main/WARN] (FabricLoader/Resolution) Warnings were found!
 - Mod 'ModMenu Badges Lib' (modmenu-badges-lib) 2023.6.1 recommends any version of modmenu, which is missing!
	 - You should install any version of modmenu for the optimal experience.
[23:56:11] [main/INFO] (FabricLoader) Loading 60 mods:
	- cloth-basic-math 0.6.1
	- cloth-config 13.0.121
	- fabric-api 0.91.2+1.20.4
	- fabric-api-base 0.4.35+78d798af4f
	- fabric-api-lookup-api-v1 1.6.45+78d798af4f
	- fabric-biome-api-v1 13.0.15+78d798af4f
	- fabric-block-api-v1 1.0.14+78d798af4f
	- fabric-block-view-api-v2 1.0.3+78d798af4f
	- fabric-blockrenderlayer-v1 1.1.45+78d798af4f
	- fabric-client-tags-api-v1 1.1.6+78d798af4f
	- fabric-command-api-v1 1.2.40+f71b366f4f
	- fabric-command-api-v2 2.2.19+78d798af4f
	- fabric-commands-v0 0.2.57+df3654b34f
	- fabric-containers-v0 0.1.81+df3654b34f
	- fabric-content-registries-v0 5.0.9+78d798af4f
	- fabric-convention-tags-v1 1.5.9+78d798af4f
	- fabric-crash-report-info-v1 0.2.22+78d798af4f
	- fabric-data-generation-api-v1 13.1.17+78d798af4f
	- fabric-dimensions-v1 2.1.60+78d798af4f
	- fabric-entity-events-v1 1.5.27+78d798af4f
	- fabric-events-interaction-v0 0.6.14+78d798af4f
	- fabric-events-lifecycle-v0 0.2.71+df3654b34f
	- fabric-game-rule-api-v1 1.0.45+78d798af4f
	- fabric-gametest-api-v1 1.2.19+78d798af4f
	- fabric-item-api-v1 2.1.34+78d798af4f
	- fabric-item-group-api-v1 4.0.20+78d798af4f
	- fabric-key-binding-api-v1 1.0.40+78d798af4f
	- fabric-keybindings-v0 0.2.38+df3654b34f
	- fabric-lifecycle-events-v1 2.2.29+78d798af4f
	- fabric-loot-api-v2 2.1.4+78d798af4f
	- fabric-message-api-v1 6.0.4+78d798af4f
	- fabric-mining-level-api-v1 2.1.59+78d798af4f
	- fabric-model-loading-api-v1 1.0.7+78d798af4f
	- fabric-models-v0 0.4.6+9386d8a74f
	- fabric-networking-api-v1 3.1.2+78d798af4f
	- fabric-object-builder-api-v1 13.0.7+78d798af4f
	- fabric-particles-v1 1.1.6+78d798af4f
	- fabric-recipe-api-v1 2.0.15+78d798af4f
	- fabric-registry-sync-v0 4.0.13+78d798af4f
	- fabric-renderer-api-v1 3.2.3+78d798af4f
	- fabric-renderer-indigo 1.5.3+78d798af4f
	- fabric-renderer-registries-v1 3.2.50+df3654b34f
	- fabric-rendering-data-attachment-v1 0.3.41+73761d2e4f
	- fabric-rendering-fluids-v1 3.0.32+78d798af4f
	- fabric-rendering-v0 1.1.53+df3654b34f
	- fabric-rendering-v1 3.0.12+78d798af4f
	- fabric-resource-conditions-api-v1 2.3.13+78d798af4f
	- fabric-resource-loader-v0 0.11.15+78d798af4f
	- fabric-screen-api-v1 2.0.16+78d798af4f
	- fabric-screen-handler-api-v1 1.3.50+78d798af4f
	- fabric-sound-api-v1 1.0.16+78d798af4f
	- fabric-transfer-api-v1 4.0.6+78d798af4f
	- fabric-transitive-access-wideners-v1 5.0.13+78d798af4f
	- fabricloader 0.15.1
	   \-- mixinextras 0.3.1
	- java 17
	- minecraft 1.20.3
	- modmenu-badges-lib 2023.6.1
	- pride_land 1.0.0-1.20.3
	- terraform-wood-api-v1 9.0.0
[23:56:11] [main/INFO] (FabricLoader/Mixin) SpongePowered MIXIN Subsystem Version=0.8.5 Source=file:/D:/gradle-5.5/bin/.gradle/caches/modules-2/files-2.1/net.fabricmc/sponge-mixin/0.12.5+mixin.0.8.5/8d31fb97c3e0cd7c8dad3441851c523bcfae6d8e/sponge-mixin-0.12.5+mixin.0.8.5.jar Service=Knot/Fabric Env=CLIENT
[23:56:11] [main/INFO] (FabricLoader/Mixin) Loaded Fabric development mappings for mixin remapper!
[23:56:11] [main/INFO] (FabricLoader/Mixin) Compatibility level set to JAVA_17
[23:56:11] [main/WARN] (FabricLoader/Mixin) Error loading class: com/terraformersmc/modmenu/util/mod/ModBadgeRenderer (java.lang.ClassNotFoundException: com/terraformersmc/modmenu/util/mod/ModBadgeRenderer)
[23:56:11] [main/WARN] (FabricLoader/Mixin) @Mixin target com.terraformersmc.modmenu.util.mod.ModBadgeRenderer was not found modmenubadgeslib.mixins.json:ModBadgeRendererMixin from mod modmenu-badges-lib
[23:56:12] [main/INFO] (FabricLoader/MixinExtras|Service) Initializing MixinExtras via com.llamalad7.mixinextras.service.MixinExtrasServiceImpl(version=0.3.1).
[23:56:15] [Datafixer Bootstrap/INFO] (Minecraft) 198 Datafixer optimizations took 112 milliseconds
[23:56:17] [Render thread/INFO] (Minecraft) Environment: Environment[sessionHost=https://sessionserver.mojang.com, servicesHost=https://api.minecraftservices.com, name=PROD]
[23:56:17] [Render thread/INFO] (Minecraft) Setting user: Player22
[23:56:17] [Render thread/INFO] (fabric-networking-api-v1) Force Packet Serialization is enabled to mimic remote connection on single player, this is the default behaviour on dev env. Add -Dfabric-api.networking.force-packet-serialization=false JVM arg to disable it.
[23:56:17] [Render thread/INFO] (pride_land) Registering Mod Items for org.apache.logging.slf4j.Log4jLogger@18ff8d83
[23:56:17] [Render thread/INFO] (pride_land) Registering ModBlocks for pride_land
[23:56:17] [Render thread/INFO] (pride_land) Registering Item Groups for pride_land
[23:56:17] [Render thread/INFO] (pride_land) Registering Entities for pride_land
[23:56:17] [Render thread/INFO] (pride_land) Registering Screen Handlers for pride_land
[23:56:17] [Render thread/INFO] (pride_land) Registering Cutting Serializers for pride_land
[23:56:17] [Render thread/INFO] (pride_land) Registering Boats for pride_land
[23:56:17] [Download-2/ERROR] (Minecraft) Failed to fetch user properties
com.mojang.authlib.exceptions.InvalidCredentialsException: Status: 401
	at com.mojang.authlib.exceptions.MinecraftClientHttpException.toAuthenticationException(MinecraftClientHttpException.java:59) ~[authlib-6.0.52.jar:?]
	at com.mojang.authlib.yggdrasil.YggdrasilUserApiService.fetchProperties(YggdrasilUserApiService.java:150) ~[authlib-6.0.52.jar:?]
	at net.minecraft.client.MinecraftClient.method_55608(MinecraftClient.java:467) ~[minecraft-merged-8ead741742-1.20.3-net.fabricmc.yarn.1_20_3.1.20.3+build.1-v2.jar:?]
	at java.util.concurrent.CompletableFuture$AsyncSupply.run(CompletableFuture.java:1768) ~[?:?]
	at java.util.concurrent.ThreadPoolExecutor.runWorker(ThreadPoolExecutor.java:1136) ~[?:?]
	at java.util.concurrent.ThreadPoolExecutor$Worker.run(ThreadPoolExecutor.java:635) ~[?:?]
	at java.lang.Thread.run(Thread.java:840) ~[?:?]
Caused by: com.mojang.authlib.exceptions.MinecraftClientHttpException: Status: 401
	at com.mojang.authlib.minecraft.client.MinecraftClient.readInputStream(MinecraftClient.java:100) ~[authlib-6.0.52.jar:?]
	at com.mojang.authlib.minecraft.client.MinecraftClient.get(MinecraftClient.java:57) ~[authlib-6.0.52.jar:?]
	at com.mojang.authlib.yggdrasil.YggdrasilUserApiService.fetchProperties(YggdrasilUserApiService.java:121) ~[authlib-6.0.52.jar:?]
	... 5 more
[23:56:17] [Render thread/INFO] (Indigo) [Indigo] Registering Indigo renderer!
[23:56:18] [Render thread/INFO] (Minecraft) Backend library: LWJGL version 3.3.2-snapshot
[23:56:18] [Render thread/INFO] (Minecraft) Reloading ResourceManager: vanilla, fabric (fabric-rendering-data-attachment-v1, fabric-api, terraform-wood-api-v1, fabric-api-lookup-api-v1, fabric-entity-events-v1, fabric-resource-loader-v0, fabric-particles-v1, fabric-mining-level-api-v1, fabric-api-base, fabric-recipe-api-v1, fabric-rendering-v0, fabric-screen-api-v1, fabric-renderer-api-v1, fabric-content-registries-v0, fabric-keybindings-v0, fabric-item-group-api-v1, fabric-data-generation-api-v1, fabric-containers-v0, fabric-renderer-registries-v1, fabric-block-view-api-v2, fabric-resource-conditions-api-v1, fabric-transfer-api-v1, fabric-sound-api-v1, fabric-lifecycle-events-v1, fabricloader, fabric-convention-tags-v1, fabric-block-api-v1, fabric-events-lifecycle-v0, fabric-command-api-v1, fabric-screen-handler-api-v1, fabric-game-rule-api-v1, fabric-loot-api-v2, fabric-item-api-v1, fabric-crash-report-info-v1, fabric-client-tags-api-v1, fabric-rendering-fluids-v1, fabric-commands-v0, fabric-events-interaction-v0, fabric-transitive-access-wideners-v1, cloth-config, fabric-blockrenderlayer-v1, fabric-networking-api-v1, fabric-registry-sync-v0, fabric-rendering-v1, fabric-message-api-v1, fabric-command-api-v2, pride_land, fabric-gametest-api-v1, fabric-object-builder-api-v1, fabric-dimensions-v1, fabric-model-loading-api-v1, fabric-models-v0, fabric-biome-api-v1, fabric-key-binding-api-v1, fabric-renderer-indigo)
[23:56:18] [Worker-Main-6/INFO] (Minecraft) Found unifont_all_no_pua-15.1.04.hex, loading
[23:56:19] [Render thread/WARN] (Minecraft) Missing sound for event: minecraft:item.goat_horn.play
[23:56:19] [Render thread/WARN] (Minecraft) Missing sound for event: minecraft:entity.goat.screaming.horn_break
[23:56:19] [Render thread/WARN] (Minecraft) Missing sound for event: minecraft:entity.generic.wind_burst
[23:56:19] [Render thread/INFO] (Minecraft) OpenAL initialized on device OpenAL Soft on FxSound Speakers (FxSound Audio Enhancer)
[23:56:19] [Render thread/INFO] (Minecraft) Sound engine started
[23:56:19] [Render thread/INFO] (Minecraft) Created: 2048x1024x4 minecraft:textures/atlas/blocks.png-atlas
[23:56:19] [Render thread/INFO] (Minecraft) Created: 256x256x4 minecraft:textures/atlas/signs.png-atlas
[23:56:19] [Render thread/INFO] (Minecraft) Created: 512x512x4 minecraft:textures/atlas/shield_patterns.png-atlas
[23:56:19] [Render thread/INFO] (Minecraft) Created: 512x512x4 minecraft:textures/atlas/banner_patterns.png-atlas
[23:56:19] [Render thread/INFO] (Minecraft) Created: 1024x1024x4 minecraft:textures/atlas/armor_trims.png-atlas
[23:56:19] [Render thread/INFO] (Minecraft) Created: 128x64x4 minecraft:textures/atlas/decorated_pot.png-atlas
[23:56:19] [Render thread/INFO] (Minecraft) Created: 256x256x4 minecraft:textures/atlas/chest.png-atlas
[23:56:19] [Render thread/INFO] (Minecraft) Created: 512x256x4 minecraft:textures/atlas/shulker_boxes.png-atlas
[23:56:19] [Render thread/INFO] (Minecraft) Created: 512x512x4 minecraft:textures/atlas/beds.png-atlas
[23:56:20] [Render thread/WARN] (Minecraft) Shader rendertype_entity_translucent_emissive could not find sampler named Sampler2 in the specified shader program.
[23:56:20] [Render thread/INFO] (Minecraft) Created: 512x256x0 minecraft:textures/atlas/particles.png-atlas
[23:56:20] [Render thread/INFO] (Minecraft) Created: 256x256x0 minecraft:textures/atlas/paintings.png-atlas
[23:56:20] [Render thread/INFO] (Minecraft) Created: 128x128x0 minecraft:textures/atlas/mob_effects.png-atlas
[23:56:20] [Render thread/INFO] (Minecraft) Created: 1024x512x0 minecraft:textures/atlas/gui.png-atlas
[23:56:20] [IO-Worker-1/INFO] (Minecraft) Could not authorize you against Realms server: Invalid session id
[23:56:20] [IO-Worker-1/ERROR] (Minecraft) Couldn't connect to realms
net.minecraft.client.realms.exception.RealmsServiceException: Realms authentication error with message 'Invalid session id'
	at net.minecraft.client.realms.RealmsClient.execute(RealmsClient.java:447) ~[minecraft-merged-8ead741742-1.20.3-net.fabricmc.yarn.1_20_3.1.20.3+build.1-v2.jar:?]
	at net.minecraft.client.realms.RealmsClient.clientCompatible(RealmsClient.java:232) ~[minecraft-merged-8ead741742-1.20.3-net.fabricmc.yarn.1_20_3.1.20.3+build.1-v2.jar:?]
	at net.minecraft.client.realms.RealmsAvailability.method_52627(RealmsAvailability.java:45) ~[minecraft-merged-8ead741742-1.20.3-net.fabricmc.yarn.1_20_3.1.20.3+build.1-v2.jar:?]
	at java.util.concurrent.CompletableFuture$AsyncSupply.run(CompletableFuture.java:1768) ~[?:?]
	at java.util.concurrent.ThreadPoolExecutor.runWorker(ThreadPoolExecutor.java:1136) ~[?:?]
	at java.util.concurrent.ThreadPoolExecutor$Worker.run(ThreadPoolExecutor.java:635) ~[?:?]
	at java.lang.Thread.run(Thread.java:840) ~[?:?]
[23:56:44] [Render thread/INFO] (Minecraft) Loaded 8 recipes
[23:56:44] [Render thread/INFO] (Minecraft) Loaded 1355 advancements
[23:56:44] [Render thread/INFO] (BiomeModificationImpl) Applied 5 biome modifications to 5 of 64 new biomes in 6.836 ms
[23:56:44] [Server thread/INFO] (Minecraft) Starting integrated minecraft server version 1.20.3
[23:56:44] [Server thread/INFO] (Minecraft) Generating keypair
[23:56:45] [Server thread/INFO] (Minecraft) Preparing start region for dimension minecraft:overworld
[23:56:47] [Render thread/INFO] (Minecraft) Preparing spawn area: 0%
[23:56:47] [Render thread/INFO] (Minecraft) Preparing spawn area: 0%
[23:56:47] [Render thread/INFO] (Minecraft) Preparing spawn area: 0%
[23:56:47] [Render thread/INFO] (Minecraft) Preparing spawn area: 10%
[23:56:47] [Render thread/INFO] (Minecraft) Time elapsed: 1765 ms
[23:56:47] [Server thread/INFO] (Minecraft) Changing view distance to 12, from 10
[23:56:47] [Server thread/INFO] (Minecraft) Changing simulation distance to 12, from 0
[23:56:48] [Server thread/INFO] (Minecraft) Player22[local:E:3f8cb0e8] logged in with entity id 187 at (4.5, 101.0, 9.5)
[23:56:48] [Server thread/INFO] (Minecraft) Player22 joined the game
[23:56:48] [Render thread/WARN] (Minecraft) Unknown recipe category: pride_land:rainbow_cutting/pride_land:rainbow_cutting/elytra_to_demigirl_elytra
[23:56:48] [Render thread/WARN] (Minecraft) Unknown recipe category: pride_land:rainbow_cutting/pride_land:rainbow_cutting/white_wool_to_asexual_wool
[23:56:48] [Render thread/WARN] (Minecraft) Unknown recipe category: pride_land:rainbow_cutting/pride_land:rainbow_cutting/rainbow_bricks_to_rainbow_brick_slab
[23:56:48] [Render thread/WARN] (Minecraft) Unknown recipe category: pride_land:rainbow_cutting/pride_land:rainbow_cutting/elytra_to_polysexual_elytra
[23:56:48] [Render thread/WARN] (Minecraft) Unknown recipe category: pride_land:rainbow_cutting/pride_land:rainbow_cutting/white_wool_to_bisexual_wool
[23:56:48] [Render thread/WARN] (Minecraft) Unknown recipe category: pride_land:rainbow_cutting/pride_land:rainbow_cutting/candle_to_rainbow_candle
[23:56:48] [Render thread/WARN] (Minecraft) Unknown recipe category: pride_land:rainbow_cutting/pride_land:rainbow_cutting/elytra_to_lesbian_elytra
[23:56:48] [Render thread/WARN] (Minecraft) Unknown recipe category: pride_land:rainbow_cutting/pride_land:rainbow_cutting/elytra_to_genderqueer_elytra
[23:56:48] [Render thread/WARN] (Minecraft) Unknown recipe category: pride_land:rainbow_cutting/pride_land:rainbow_cutting/elytra_to_progress_pride_elytra
[23:56:48] [Render thread/WARN] (Minecraft) Unknown recipe category: pride_land:rainbow_cutting/pride_land:rainbow_cutting/glass_to_demiboy_glass
[23:56:48] [Render thread/WARN] (Minecraft) Unknown recipe category: pride_land:rainbow_cutting/pride_land:rainbow_cutting/glass_to_agender_glass
[23:56:48] [Render thread/WARN] (Minecraft) Unknown recipe category: pride_land:rainbow_cutting/pride_land:rainbow_cutting/rainbow_bricks_to_rainbow_brick_wall
[23:56:48] [Render thread/WARN] (Minecraft) Unknown recipe category: pride_land:rainbow_cutting/pride_land:rainbow_cutting/elytra_to_aromantic_elytra
[23:56:48] [Render thread/WARN] (Minecraft) Unknown recipe category: pride_land:rainbow_cutting/pride_land:rainbow_cutting/netherite_sword_to_rainbow_sword
[23:56:48] [Render thread/WARN] (Minecraft) Unknown recipe category: pride_land:rainbow_cutting/pride_land:rainbow_cutting/white_wool_to_nonbinary_wool
[23:56:48] [Render thread/WARN] (Minecraft) Unknown recipe category: pride_land:rainbow_cutting/pride_land:rainbow_cutting/glass_to_asexual_glass
[23:56:48] [Render thread/WARN] (Minecraft) Unknown recipe category: pride_land:rainbow_cutting/pride_land:rainbow_cutting/netherite_hoe_to_rainbow_hoe
[23:56:48] [Render thread/WARN] (Minecraft) Unknown recipe category: pride_land:rainbow_cutting/pride_land:rainbow_cutting/glass_to_nonbinary_glass
[23:56:48] [Render thread/WARN] (Minecraft) Unknown recipe category: pride_land:rainbow_cutting/pride_land:rainbow_cutting/glass_to_demisexual_glass
[23:56:48] [Render thread/WARN] (Minecraft) Unknown recipe category: pride_land:rainbow_cutting/pride_land:rainbow_cutting/glass_to_genderqueer_glass
[23:56:48] [Render thread/WARN] (Minecraft) Unknown recipe category: pride_land:rainbow_cutting/pride_land:rainbow_cutting/netherite_pickaxe_to_rainbow_pickaxe
[23:56:48] [Render thread/WARN] (Minecraft) Unknown recipe category: pride_land:rainbow_cutting/pride_land:rainbow_cutting/glass_to_bisexual_glass
[23:56:48] [Render thread/WARN] (Minecraft) Unknown recipe category: pride_land:rainbow_cutting/pride_land:rainbow_cutting/bricks_to_rainbow_bricks
[23:56:48] [Render thread/WARN] (Minecraft) Unknown recipe category: pride_land:rainbow_cutting/pride_land:rainbow_cutting/elytra_to_agender_elytra
[23:56:48] [Render thread/WARN] (Minecraft) Unknown recipe category: pride_land:rainbow_cutting/pride_land:rainbow_cutting/glass_to_genderfluid_glass
[23:56:48] [Render thread/WARN] (Minecraft) Unknown recipe category: pride_land:rainbow_cutting/pride_land:rainbow_cutting/glass_to_rainbow_glass
[23:56:48] [Render thread/WARN] (Minecraft) Unknown recipe category: pride_land:rainbow_cutting/pride_land:rainbow_cutting/netherite_helmet_to_rainbow_helmet
[23:56:48] [Render thread/WARN] (Minecraft) Unknown recipe category: pride_land:rainbow_cutting/pride_land:rainbow_cutting/white_wool_to_progress_pride_wool
[23:56:48] [Render thread/WARN] (Minecraft) Unknown recipe category: pride_land:rainbow_cutting/pride_land:rainbow_cutting/elytra_to_rainbow_elytra
[23:56:48] [Render thread/WARN] (Minecraft) Unknown recipe category: pride_land:rainbow_cutting/pride_land:rainbow_cutting/white_wool_to_pansexual_wool
[23:56:48] [Render thread/WARN] (Minecraft) Unknown recipe category: pride_land:rainbow_cutting/pride_land:rainbow_cutting/glass_to_demigirl_glass
[23:56:48] [Render thread/WARN] (Minecraft) Unknown recipe category: pride_land:rainbow_cutting/pride_land:rainbow_cutting/white_wool_to_agender_wool
[23:56:48] [Render thread/WARN] (Minecraft) Unknown recipe category: pride_land:rainbow_cutting/pride_land:rainbow_cutting/white_wool_to_genderqueer_wool
[23:56:48] [Render thread/WARN] (Minecraft) Unknown recipe category: pride_land:rainbow_cutting/pride_land:rainbow_cutting/white_wool_to_demisexual_wool
[23:56:48] [Render thread/WARN] (Minecraft) Unknown recipe category: pride_land:rainbow_cutting/pride_land:rainbow_cutting/white_wool_to_aromantic_wool
[23:56:48] [Render thread/WARN] (Minecraft) Unknown recipe category: pride_land:rainbow_cutting/pride_land:rainbow_cutting/elytra_to_nonbinary_elytra
[23:56:48] [Render thread/WARN] (Minecraft) Unknown recipe category: pride_land:rainbow_cutting/pride_land:rainbow_cutting/elytra_to_trans_elytra
[23:56:48] [Render thread/WARN] (Minecraft) Unknown recipe category: pride_land:rainbow_cutting/pride_land:rainbow_cutting/white_wool_to_rainbow_wool
[23:56:48] [Render thread/WARN] (Minecraft) Unknown recipe category: pride_land:rainbow_cutting/pride_land:rainbow_cutting/glass_to_polysexual_glass
[23:56:48] [Render thread/WARN] (Minecraft) Unknown recipe category: pride_land:rainbow_cutting/pride_land:rainbow_cutting/glass_to_trans_glass
[23:56:48] [Render thread/WARN] (Minecraft) Unknown recipe category: pride_land:rainbow_cutting/pride_land:rainbow_cutting/elytra_to_genderfluid_elytra
[23:56:48] [Render thread/WARN] (Minecraft) Unknown recipe category: pride_land:rainbow_cutting/pride_land:rainbow_cutting/elytra_to_demiboy_elytra
[23:56:48] [Render thread/WARN] (Minecraft) Unknown recipe category: pride_land:rainbow_cutting/pride_land:rainbow_cutting/white_wool_to_demigirl_wool
[23:56:48] [Render thread/WARN] (Minecraft) Unknown recipe category: pride_land:rainbow_cutting/pride_land:rainbow_cutting/netherite_shovel_to_rainbow_shovel
[23:56:48] [Render thread/WARN] (Minecraft) Unknown recipe category: pride_land:rainbow_cutting/pride_land:rainbow_cutting/white_wool_to_polysexual_wool
[23:56:48] [Render thread/WARN] (Minecraft) Unknown recipe category: pride_land:rainbow_cutting/pride_land:rainbow_cutting/glass_to_pansexual_glass
[23:56:48] [Render thread/WARN] (Minecraft) Unknown recipe category: pride_land:rainbow_cutting/pride_land:rainbow_cutting/glass_to_aromantic_glass
[23:56:48] [Render thread/WARN] (Minecraft) Unknown recipe category: pride_land:rainbow_cutting/pride_land:rainbow_cutting/white_wool_to_lesbian_wool
[23:56:48] [Render thread/WARN] (Minecraft) Unknown recipe category: pride_land:rainbow_cutting/pride_land:rainbow_cutting/netherite_boots_to_rainbow_boots
[23:56:48] [Render thread/WARN] (Minecraft) Unknown recipe category: pride_land:rainbow_cutting/pride_land:rainbow_cutting/elytra_to_demisexual_elytra
[23:56:48] [Render thread/WARN] (Minecraft) Unknown recipe category: pride_land:rainbow_cutting/pride_land:rainbow_cutting/netherite_axe_to_rainbow_axe
[23:56:48] [Render thread/WARN] (Minecraft) Unknown recipe category: pride_land:rainbow_cutting/pride_land:rainbow_cutting/white_wool_to_trans_wool
[23:56:48] [Render thread/WARN] (Minecraft) Unknown recipe category: pride_land:rainbow_cutting/pride_land:rainbow_cutting/white_wool_to_demiboy_wool
[23:56:48] [Render thread/WARN] (Minecraft) Unknown recipe category: pride_land:rainbow_cutting/pride_land:rainbow_cutting/elytra_to_asexual_elytra
[23:56:48] [Render thread/WARN] (Minecraft) Unknown recipe category: pride_land:rainbow_cutting/pride_land:rainbow_cutting/netherite_leggings_to_rainbow_leggings
[23:56:48] [Render thread/WARN] (Minecraft) Unknown recipe category: pride_land:rainbow_cutting/pride_land:rainbow_cutting/rainbow_bricks_to_rainbow_brick_stairs
[23:56:48] [Render thread/WARN] (Minecraft) Unknown recipe category: pride_land:rainbow_cutting/pride_land:rainbow_cutting/glass_to_lesbian_glass
[23:56:48] [Render thread/WARN] (Minecraft) Unknown recipe category: pride_land:rainbow_cutting/pride_land:rainbow_cutting/glass_to_progress_pride_glass
[23:56:48] [Render thread/WARN] (Minecraft) Unknown recipe category: pride_land:rainbow_cutting/pride_land:rainbow_cutting/planks_to_rainbow_planks
[23:56:48] [Render thread/WARN] (Minecraft) Unknown recipe category: pride_land:rainbow_cutting/pride_land:rainbow_cutting/elytra_to_bisexual_elytra
[23:56:48] [Render thread/WARN] (Minecraft) Unknown recipe category: pride_land:rainbow_cutting/pride_land:rainbow_cutting/white_wool_to_genderfluid_wool
[23:56:48] [Render thread/WARN] (Minecraft) Unknown recipe category: pride_land:rainbow_cutting/pride_land:rainbow_cutting/elytra_to_pansexual_elytra
[23:56:48] [Render thread/WARN] (Minecraft) Unknown recipe category: pride_land:rainbow_cutting/pride_land:rainbow_cutting/netherite_chestplate_to_rainbow_chestplate
[23:56:48] [Render thread/INFO] (Minecraft) Loaded 2 advancements
[23:57:23] [Render thread/INFO] (Minecraft) Stopping!
[23:57:23] [Server thread/INFO] (Minecraft) Player22 lost connection: Disconnected
[23:57:23] [Server thread/INFO] (Minecraft) Player22 left the game
[23:57:23] [Server thread/INFO] (Minecraft) Stopping singleplayer server as player logged out
[23:57:23] [Server thread/INFO] (Minecraft) Stopping server
[23:57:23] [Server thread/INFO] (Minecraft) Saving players
[23:57:23] [Server thread/INFO] (Minecraft) Saving worlds
[23:57:23] [Server thread/INFO] (Minecraft) Saving chunks for level 'ServerLevel[New World]'/minecraft:overworld
[23:57:26] [Server thread/INFO] (Minecraft) Saving chunks for level 'ServerLevel[New World]'/minecraft:the_end
[23:57:26] [Server thread/INFO] (Minecraft) Saving chunks for level 'ServerLevel[New World]'/minecraft:the_nether
[23:57:26] [Server thread/INFO] (Minecraft) ThreadedAnvilChunkStorage (New World (1)): All chunks are saved
[23:57:26] [Server thread/INFO] (Minecraft) ThreadedAnvilChunkStorage (DIM1): All chunks are saved
[23:57:26] [Server thread/INFO] (Minecraft) ThreadedAnvilChunkStorage (DIM-1): All chunks are saved
[23:57:26] [Server thread/INFO] (Minecraft) ThreadedAnvilChunkStorage: All dimensions are saved
