[23:53:46] [main/INFO] (FabricLoader/GameProvider) Loading Minecraft 1.20.3 with Fabric Loader 0.15.1
[23:53:46] [main/INFO] (FabricLoader) Loading 47 mods:
	- cloth-basic-math 0.6.1
	- cloth-config 13.0.121
	- emi 1.1.3+1.20.2+fabric
	- fabric-api 0.91.2+1.20.4
	- fabric-api-base 0.4.35+78d798af4f
	- fabric-api-lookup-api-v1 1.6.45+78d798af4f
	- fabric-biome-api-v1 13.0.15+78d798af4f
	- fabric-block-api-v1 1.0.14+78d798af4f
	- fabric-block-view-api-v2 1.0.3+78d798af4f
	- fabric-command-api-v1 1.2.40+f71b366f4f
	- fabric-command-api-v2 2.2.19+78d798af4f
	- fabric-commands-v0 0.2.57+df3654b34f
	- fabric-containers-v0 0.1.81+df3654b34f
	- fabric-content-registries-v0 5.0.9+78d798af4f
	- fabric-convention-tags-v1 1.5.9+78d798af4f
	- fabric-crash-report-info-v1 0.2.22+78d798af4f
	- fabric-data-generation-api-v1 13.1.17+78d798af4f
	- fabric-dimensions-v1 2.1.60+78d798af4f
	- fabric-entity-events-v1 1.5.27+78d798af4f
	- fabric-events-interaction-v0 0.6.14+78d798af4f
	- fabric-events-lifecycle-v0 0.2.71+df3654b34f
	- fabric-game-rule-api-v1 1.0.45+78d798af4f
	- fabric-gametest-api-v1 1.2.19+78d798af4f
	- fabric-item-api-v1 2.1.34+78d798af4f
	- fabric-item-group-api-v1 4.0.20+78d798af4f
	- fabric-lifecycle-events-v1 2.2.29+78d798af4f
	- fabric-loot-api-v2 2.1.4+78d798af4f
	- fabric-message-api-v1 6.0.4+78d798af4f
	- fabric-mining-level-api-v1 2.1.59+78d798af4f
	- fabric-networking-api-v1 3.1.2+78d798af4f
	- fabric-object-builder-api-v1 13.0.7+78d798af4f
	- fabric-particles-v1 1.1.6+78d798af4f
	- fabric-recipe-api-v1 2.0.15+78d798af4f
	- fabric-registry-sync-v0 4.0.13+78d798af4f
	- fabric-rendering-data-attachment-v1 0.3.41+73761d2e4f
	- fabric-rendering-fluids-v1 3.0.32+78d798af4f
	- fabric-resource-conditions-api-v1 2.3.13+78d798af4f
	- fabric-resource-loader-v0 0.11.15+78d798af4f
	- fabric-screen-handler-api-v1 1.3.50+78d798af4f
	- fabric-transfer-api-v1 4.0.6+78d798af4f
	- fabric-transitive-access-wideners-v1 5.0.13+78d798af4f
	- fabricloader 0.15.1
	   \-- mixinextras 0.3.1
	- java 17
	- minecraft 1.20.3
	- pride_land 1.0.0-1.20.3
	- terraform-wood-api-v1 9.0.0
[23:53:46] [main/INFO] (FabricLoader/Mixin) SpongePowered MIXIN Subsystem Version=0.8.5 Source=file:/C:/Users/Wildbot/.gradle/caches/modules-2/files-2.1/net.fabricmc/sponge-mixin/0.12.5+mixin.0.8.5/8d31fb97c3e0cd7c8dad3441851c523bcfae6d8e/sponge-mixin-0.12.5+mixin.0.8.5.jar Service=Knot/Fabric Env=SERVER
[23:53:47] [main/INFO] (FabricLoader/Mixin) Loaded Fabric development mappings for mixin remapper!
[23:53:47] [main/INFO] (FabricLoader/Mixin) Compatibility level set to JAVA_17
[23:53:47] [main/INFO] (FabricLoader/MixinExtras|Service) Initializing MixinExtras via com.llamalad7.mixinextras.service.MixinExtrasServiceImpl(version=0.3.1).
[23:53:52] [main/INFO] (fabric-networking-api-v1) Force Packet Serialization is enabled to mimic remote connection on single player, this is the default behaviour on dev env. Add -Dfabric-api.networking.force-packet-serialization=false JVM arg to disable it.
[23:53:52] [main/INFO] (pride_land) Registering Mod Items for org.apache.logging.slf4j.Log4jLogger@4db154fb
[23:53:52] [main/INFO] (pride_land) Registering ModBlocks for pride_land
[23:53:52] [main/INFO] (pride_land) Registering Item Groups for pride_land
[23:53:52] [main/INFO] (pride_land) Registering Entities for pride_land
[23:53:52] [main/INFO] (pride_land) Registering Screen Handlers for pride_land
[23:53:52] [main/INFO] (pride_land) Registering Cutting Serializers for pride_land
[23:53:52] [main/INFO] (pride_land) Registering Boats for pride_land
[23:53:52] [main/INFO] (FabricDataGenHelper) Running data generator for pride_land
[23:53:52] [main/INFO] (Minecraft) Starting provider: Pride Land/Tags for minecraft:block
[23:53:53] [main/INFO] (Minecraft) Pride Land/Tags for minecraft:block finished after 228 ms
[23:53:53] [main/INFO] (Minecraft) Starting provider: Pride Land/Tags for minecraft:item
[23:53:53] [main/INFO] (Minecraft) Pride Land/Tags for minecraft:item finished after 2 ms
[23:53:53] [main/INFO] (Minecraft) Starting provider: Pride Land/Block Loot Tables
[23:53:53] [main/INFO] (Minecraft) Pride Land/Block Loot Tables finished after 36 ms
[23:53:53] [main/INFO] (Minecraft) Starting provider: Pride Land/Model Definitions
[23:53:53] [main/INFO] (Minecraft) Pride Land/Model Definitions finished after 55 ms
[23:53:53] [main/INFO] (Minecraft) Starting provider: Pride Land/Recipes
[23:53:53] [main/INFO] (Minecraft) Pride Land/Recipes finished after 54 ms
[23:53:53] [main/INFO] (Minecraft) All providers took: 380 ms
[23:53:53] [main/INFO] (Minecraft) Caching: total files: 609, old count: 609, new count: 610, removed stale: 0, written: 149
